.tmp.cpp:7:5: error: templates cannot be declared inside of a local class
    template<class type_parameter_0_0>
    ^~~~~~~~~~~~~~~~~~~~~~~~~~~~~~~~~~
.tmp.cpp:19:5: error: templates cannot be declared inside of a local class
    template<class type_parameter_0_0>
    ^~~~~~~~~~~~~~~~~~~~~~~~~~~~~~~~~~
.tmp.cpp:13:16: error: declaration of variable 'test' with deduced type 'auto' requires an initializer
          auto test;
               ^
.tmp.cpp:25:16: error: declaration of variable 'test' with deduced type 'auto' requires an initializer
          auto test;
               ^
4 errors generated.
